<?xml version="1.0" encoding="UTF-8"?>
<testng-results ignored="0" total="2" passed="2" failed="0" skipped="0">
  <reporter-output>
  </reporter-output>
  <suite started-at="2022-05-30T12:49:53 IST" name="All Test Suite" finished-at="2022-05-30T12:50:05 IST" duration-ms="11745">
    <groups>
    </groups>
    <test started-at="2022-05-30T12:49:53 IST" name="C:/Users/03166A744/IdeaProjects/JenkinsMavenNew/src/test/java/jenkins.java" finished-at="2022-05-30T12:50:05 IST" duration-ms="11745">
      <class name="jenkins">
        <test-method is-config="true" signature="setup()[pri:0, instance:jenkins@60d8c9b7]" started-at="2022-05-30T12:49:53 IST" name="setup" finished-at="2022-05-30T12:49:59 IST" duration-ms="6019" status="PASS">
          <reporter-output>
          </reporter-output>
        </test-method> <!-- setup -->
        <test-method signature="Test1()[pri:0, instance:jenkins@60d8c9b7]" started-at="2022-05-30T12:49:59 IST" name="Test1" finished-at="2022-05-30T12:49:59 IST" duration-ms="5" status="PASS">
          <reporter-output>
          </reporter-output>
        </test-method> <!-- Test1 -->
        <test-method is-config="true" signature="teardown()[pri:0, instance:jenkins@60d8c9b7]" started-at="2022-05-30T12:49:59 IST" name="teardown" finished-at="2022-05-30T12:49:59 IST" duration-ms="219" status="PASS">
          <reporter-output>
          </reporter-output>
        </test-method> <!-- teardown -->
        <test-method is-config="true" signature="setup()[pri:0, instance:jenkins@60d8c9b7]" started-at="2022-05-30T12:49:59 IST" name="setup" finished-at="2022-05-30T12:50:04 IST" duration-ms="5243" status="PASS">
          <reporter-output>
          </reporter-output>
        </test-method> <!-- setup -->
        <test-method signature="Test2()[pri:0, instance:jenkins@60d8c9b7]" started-at="2022-05-30T12:50:04 IST" name="Test2" finished-at="2022-05-30T12:50:04 IST" duration-ms="1" status="PASS">
          <reporter-output>
          </reporter-output>
        </test-method> <!-- Test2 -->
        <test-method is-config="true" signature="teardown()[pri:0, instance:jenkins@60d8c9b7]" started-at="2022-05-30T12:50:04 IST" name="teardown" finished-at="2022-05-30T12:50:05 IST" duration-ms="180" status="PASS">
          <reporter-output>
          </reporter-output>
        </test-method> <!-- teardown -->
      </class> <!-- jenkins -->
    </test> <!-- C:/Users/03166A744/IdeaProjects/JenkinsMavenNew/src/test/java/jenkins.java -->
  </suite> <!-- All Test Suite -->
</testng-results>
